#! /c/Source/iverilog-install/bin/vvp
:ivl_version "12.0 (devel)" "(s20150603-1539-g2693dd32b)";
:ivl_delay_selection "TYPICAL";
:vpi_time_precision + 0;
:vpi_module "C:\iverilog\lib\ivl\system.vpi";
:vpi_module "C:\iverilog\lib\ivl\vhdl_sys.vpi";
:vpi_module "C:\iverilog\lib\ivl\vhdl_textio.vpi";
:vpi_module "C:\iverilog\lib\ivl\v2005_math.vpi";
:vpi_module "C:\iverilog\lib\ivl\va_math.vpi";
S_00000201236b2df0 .scope module, "instruction_memory" "instruction_memory" 2 3;
 .timescale 0 0;
    .port_info 0 /INPUT 9 "address";
    .port_info 1 /OUTPUT 32 "instruction";
v00000201236b34d0_0 .net *"_ivl_0", 7 0, L_00000201236e3ea0;  1 drivers
v000002012362e790_0 .net *"_ivl_10", 7 0, L_00000201236e3180;  1 drivers
v00000201236b2f80_0 .net *"_ivl_12", 31 0, L_00000201236e3220;  1 drivers
L_00000201237298b8 .functor BUFT 1, C4<00000000000000000000000>, C4<0>, C4<0>, C4<0>;
v00000201236b3020_0 .net *"_ivl_15", 22 0, L_00000201237298b8;  1 drivers
L_0000020123729900 .functor BUFT 1, C4<00000000000000000000000000000010>, C4<0>, C4<0>, C4<0>;
v00000201236b30c0_0 .net/2u *"_ivl_16", 31 0, L_0000020123729900;  1 drivers
v000002012362ea30_0 .net *"_ivl_18", 31 0, L_00000201236e32c0;  1 drivers
v00000201236e34a0_0 .net *"_ivl_2", 31 0, L_00000201236e3c20;  1 drivers
v00000201236e35e0_0 .net *"_ivl_20", 7 0, L_00000201236e3540;  1 drivers
v00000201236e3720_0 .net *"_ivl_22", 31 0, L_00000201236e39a0;  1 drivers
L_0000020123729948 .functor BUFT 1, C4<00000000000000000000000>, C4<0>, C4<0>, C4<0>;
v00000201236e37c0_0 .net *"_ivl_25", 22 0, L_0000020123729948;  1 drivers
L_0000020123729990 .functor BUFT 1, C4<00000000000000000000000000000001>, C4<0>, C4<0>, C4<0>;
v00000201236e3860_0 .net/2u *"_ivl_26", 31 0, L_0000020123729990;  1 drivers
v00000201236e3fe0_0 .net *"_ivl_28", 31 0, L_00000201236e3360;  1 drivers
v00000201236e3900_0 .net *"_ivl_30", 7 0, L_00000201236e3b80;  1 drivers
v00000201236e3e00_0 .net *"_ivl_32", 10 0, L_0000020123782b20;  1 drivers
L_00000201237299d8 .functor BUFT 1, C4<00>, C4<0>, C4<0>, C4<0>;
v00000201236e3a40_0 .net *"_ivl_35", 1 0, L_00000201237299d8;  1 drivers
L_0000020123729828 .functor BUFT 1, C4<00000000000000000000000>, C4<0>, C4<0>, C4<0>;
v00000201236e3f40_0 .net *"_ivl_5", 22 0, L_0000020123729828;  1 drivers
L_0000020123729870 .functor BUFT 1, C4<00000000000000000000000000000011>, C4<0>, C4<0>, C4<0>;
v00000201236e3680_0 .net/2u *"_ivl_6", 31 0, L_0000020123729870;  1 drivers
v00000201236e3ae0_0 .net *"_ivl_8", 31 0, L_00000201236e30e0;  1 drivers
o00000201236e7318 .functor BUFZ 9, C4<zzzzzzzzz>; HiZ drive
v00000201236e3cc0_0 .net "address", 8 0, o00000201236e7318;  0 drivers
v00000201236e3400_0 .net "instruction", 31 0, L_0000020123782bc0;  1 drivers
v00000201236e3d60 .array "mem", 0 511, 7 0;
L_00000201236e3ea0 .array/port v00000201236e3d60, L_00000201236e30e0;
L_00000201236e3c20 .concat [ 9 23 0 0], o00000201236e7318, L_0000020123729828;
L_00000201236e30e0 .arith/sum 32, L_00000201236e3c20, L_0000020123729870;
L_00000201236e3180 .array/port v00000201236e3d60, L_00000201236e32c0;
L_00000201236e3220 .concat [ 9 23 0 0], o00000201236e7318, L_00000201237298b8;
L_00000201236e32c0 .arith/sum 32, L_00000201236e3220, L_0000020123729900;
L_00000201236e3540 .array/port v00000201236e3d60, L_00000201236e3360;
L_00000201236e39a0 .concat [ 9 23 0 0], o00000201236e7318, L_0000020123729948;
L_00000201236e3360 .arith/sum 32, L_00000201236e39a0, L_0000020123729990;
L_00000201236e3b80 .array/port v00000201236e3d60, L_0000020123782b20;
L_0000020123782b20 .concat [ 9 2 0 0], o00000201236e7318, L_00000201237299d8;
L_0000020123782bc0 .concat [ 8 8 8 8], L_00000201236e3b80, L_00000201236e3540, L_00000201236e3180, L_00000201236e3ea0;
    .scope S_00000201236b2df0;
T_0 ;
    %vpi_call 2 13 "$readmemb", "test-code.txt", v00000201236e3d60, 32'sb00000000000000000000000000000000, 32'sb00000000000000000000000000001111 {0 0 0};
    %end;
    .thread T_0;
# The file index is used to find the file name in the following table.
:file_names 3;
    "N/A";
    "<interactive>";
    "Instruction_memory.v";
